<?xml version="1.0" encoding="UTF-8"?>
<!-- Generated by org.testng.reporters.JUnitReportReporter -->
<testsuite hostname="DESKTOP-1CLR98N" name="myFirstPackage.MyClass" tests="1" failures="0" timestamp="23 Apr 2021 10:27:08 GMT" time="0.013" errors="0">
  <testcase name="myTest1" time="0.013" classname="myFirstPackage.MyClass"/>
</testsuite> <!-- myFirstPackage.MyClass -->
