<?xml version="1.0" encoding="UTF-8"?>
<!-- Generated by org.testng.reporters.JUnitReportReporter -->
<testsuite skipped="0" hostname="DESKTOP-1CLR98N" name="myFirstPackage.MyClass" tests="1" failures="0" timestamp="2021-04-23T16:22:17 IST" time="0.006" errors="0">
  <testcase name="myTest1" time="0.006" classname="myFirstPackage.MyClass"/>
  <system-out/>
</testsuite> <!-- myFirstPackage.MyClass -->
